<?xml version="1.0" encoding="UTF-8"?>
<!-- Generated by org.testng.reporters.JUnitReportReporter -->
<testsuite hostname="Enamuls-MacBook-Pro.local" failures="0" tests="5" name="testCases.LoginTest" time="30.771" errors="0" timestamp="2024-08-30T18:21:08 EDT" skipped="0">
  <testcase classname="testCases.LoginTest" name="verify_login_data_provider" time="11.294"/>
  <testcase classname="testCases.LoginTest" name="verify_login" time="2.640"/>
  <testcase classname="testCases.LoginTest" name="verify_login_data_provider" time="11.573"/>
  <testcase classname="testCases.LoginTest" name="verify_login_data_provider" time="2.514"/>
  <testcase classname="testCases.LoginTest" name="verify_login_data_provider" time="2.750"/>
</testsuite> <!-- testCases.LoginTest -->
