<?xml version="1.0" encoding="UTF-8"?>
<!-- Generated by org.testng.reporters.JUnitReportReporter -->
<testsuite hostname="Enamuls-MacBook-Pro.local" failures="0" tests="2" name="testCases.AccountRegistrationTest" time="5.812" errors="0" timestamp="2024-08-30T18:21:08 EDT" skipped="0">
  <testcase classname="testCases.AccountRegistrationTest" name="verify_account_registration" time="2.714"/>
  <testcase classname="testCases.AccountRegistrationTest" name="verify_account_registration" time="3.098"/>
</testsuite> <!-- testCases.AccountRegistrationTest -->
